\BOOKMARK [1][-]{section.1}{\376\377\000I\000n\000t\000r\000o\000d\000u\000c\000t\000i\000o\000n}{}% 1
\BOOKMARK [1][-]{section.2}{\376\377\000S\000y\000s\000t\000e\000m\000\040\000M\000o\000d\000e\000l\000\040\000a\000n\000d\000\040\000D\000e\000f\000i\000n\000i\000t\000i\000o\000n\000s}{}% 2
\BOOKMARK [2][-]{subsection.2.1}{\376\377\000N\000e\000t\000w\000o\000r\000k\000\040\000M\000o\000d\000e\000l}{section.2}% 3
\BOOKMARK [3][-]{subsubsection.2.1.1}{\376\377\000T\000h\000e\000\040\000C\000h\000a\000n\000n\000e\000l\000\040\000H\000i\000e\000r\000a\000r\000c\000h\000y}{subsection.2.1}% 4
\BOOKMARK [3][-]{subsubsection.2.1.2}{\376\377\000T\000G\000P\000'\000s\000\040\000C\000o\000r\000e\000\040\000G\000u\000a\000r\000a\000n\000t\000e\000e}{subsection.2.1}% 5
\BOOKMARK [3][-]{subsubsection.2.1.3}{\376\377\000G\000r\000a\000y\000'\000s\000\040\000H\000i\000d\000d\000e\000n\000\040\000A\000s\000s\000u\000m\000p\000t\000i\000o\000n}{subsection.2.1}% 6
\BOOKMARK [2][-]{subsection.2.2}{\376\377\000C\000r\000y\000p\000t\000o\000g\000r\000a\000p\000h\000i\000c\000\040\000P\000r\000i\000m\000i\000t\000i\000v\000e\000s}{section.2}% 7
\BOOKMARK [2][-]{subsection.2.3}{\376\377\000P\000r\000o\000t\000o\000c\000o\000l\000\040\000G\000o\000a\000l\000s}{section.2}% 8
\BOOKMARK [1][-]{section.3}{\376\377\000T\000h\000e\000\040\000T\000w\000o\000\040\000G\000e\000n\000e\000r\000a\000l\000s\000\040\000P\000r\000o\000t\000o\000c\000o\000l}{}% 9
\BOOKMARK [2][-]{subsection.3.1}{\376\377\000P\000r\000o\000t\000o\000c\000o\000l\000\040\000O\000v\000e\000r\000v\000i\000e\000w}{section.3}% 10
\BOOKMARK [2][-]{subsection.3.2}{\376\377\000P\000h\000a\000s\000e\000\040\000D\000e\000f\000i\000n\000i\000t\000i\000o\000n\000s}{section.3}% 11
\BOOKMARK [2][-]{subsection.3.3}{\376\377\000P\000r\000o\000t\000o\000c\000o\000l\000\040\000B\000e\000h\000a\000v\000i\000o\000r}{section.3}% 12
\BOOKMARK [2][-]{subsection.3.4}{\376\377\000T\000h\000e\000\040\000A\000t\000t\000a\000c\000k\000\040\000K\000e\000y}{section.3}% 13
\BOOKMARK [1][-]{section.4}{\376\377\000T\000h\000e\000\040\000B\000i\000l\000a\000t\000e\000r\000a\000l\000\040\000C\000o\000n\000s\000t\000r\000u\000c\000t\000i\000o\000n\000\040\000P\000r\000o\000p\000e\000r\000t\000y}{}% 14
\BOOKMARK [2][-]{subsection.4.1}{\376\377\000T\000h\000e\000\040\000C\000r\000y\000p\000t\000o\000g\000r\000a\000p\000h\000i\000c\000\040\000K\000n\000o\000t}{section.4}% 15
\BOOKMARK [2][-]{subsection.4.2}{\376\377\000W\000h\000y\000\040\000T\000h\000i\000s\000\040\000B\000r\000e\000a\000k\000s\000\040\000G\000r\000a\000y\000'\000s\000\040\000A\000t\000t\000a\000c\000k}{section.4}% 16
\BOOKMARK [2][-]{subsection.4.3}{\376\377\000F\000o\000r\000m\000a\000l\000\040\000S\000t\000a\000t\000e\000m\000e\000n\000t}{section.4}% 17
\BOOKMARK [1][-]{section.5}{\376\377\000T\000h\000e\000\040\000E\000p\000i\000s\000t\000e\000m\000i\000c\000\040\000F\000i\000x\000p\000o\000i\000n\000t\000:\000\040\000F\000o\000r\000m\000a\000l\000\040\000T\000r\000e\000a\000t\000m\000e\000n\000t}{}% 18
\BOOKMARK [2][-]{subsection.5.1}{\376\377\000E\000p\000i\000s\000t\000e\000m\000i\000c\000\040\000L\000o\000g\000i\000c\000\040\000B\000a\000c\000k\000g\000r\000o\000u\000n\000d}{section.5}% 19
\BOOKMARK [2][-]{subsection.5.2}{\376\377\000G\000r\000a\000y\000'\000s\000\040\000I\000m\000p\000o\000s\000s\000i\000b\000i\000l\000i\000t\000y\000\040\000R\000e\000s\000t\000a\000t\000e\000d}{section.5}% 20
\BOOKMARK [2][-]{subsection.5.3}{\376\377\000T\000h\000e\000\040\000P\000a\000r\000a\000d\000i\000g\000m\000\040\000S\000h\000i\000f\000t\000:\000\040\000C\000o\000n\000s\000t\000r\000u\000c\000t\000i\000o\000n\000\040\000v\000s\000\040\000C\000o\000m\000m\000u\000n\000i\000c\000a\000t\000i\000o\000n}{section.5}% 21
\BOOKMARK [2][-]{subsection.5.4}{\376\377\000F\000o\000r\000m\000a\000l\000\040\000D\000e\000f\000i\000n\000i\000t\000i\000o\000n\000:\000\040\000E\000p\000i\000s\000t\000e\000m\000i\000c\000\040\000F\000i\000x\000p\000o\000i\000n\000t}{section.5}% 22
\BOOKMARK [2][-]{subsection.5.5}{\376\377\000W\000h\000y\000\040\000C\000r\000y\000p\000t\000o\000g\000r\000a\000p\000h\000y\000\040\000R\000e\000s\000o\000l\000v\000e\000s\000\040\000t\000h\000e\000\040\000I\000m\000p\000o\000s\000s\000i\000b\000i\000l\000i\000t\000y}{section.5}% 23
\BOOKMARK [2][-]{subsection.5.6}{\376\377\000T\000h\000e\000\040\000E\000p\000i\000s\000t\000e\000m\000i\000c\000\040\000D\000e\000p\000t\000h\000\040\000T\000a\000b\000l\000e}{section.5}% 24
\BOOKMARK [2][-]{subsection.5.7}{\376\377\000T\000h\000e\000\040\000E\000l\000e\000v\000a\000t\000o\000r\000,\000\040\000N\000o\000t\000\040\000t\000h\000e\000\040\000L\000a\000d\000d\000e\000r}{section.5}% 25
\BOOKMARK [2][-]{subsection.5.8}{\376\377\000C\000r\000y\000p\000t\000o\000g\000r\000a\000p\000h\000y\000\040\000a\000s\000\040\000E\000p\000i\000s\000t\000e\000m\000i\000c\000\040\000M\000a\000c\000h\000i\000n\000e\000r\000y}{section.5}% 26
\BOOKMARK [1][-]{section.6}{\376\377\000T\000h\000e\000\040\000A\000t\000t\000a\000c\000k\000\040\000K\000e\000y\000\040\000a\000s\000\040\000E\000m\000e\000r\000g\000e\000n\000t\000\040\000S\000t\000a\000t\000e}{}% 27
\BOOKMARK [2][-]{subsection.6.1}{\376\377\000T\000h\000e\000\040\000A\000t\000t\000a\000c\000k\000\040\000K\000e\000y\000\040\000C\000o\000n\000s\000t\000r\000u\000c\000t\000i\000o\000n}{section.6}% 28
\BOOKMARK [2][-]{subsection.6.2}{\376\377\000W\000h\000y\000\040\000T\000h\000e\000r\000e\000\040\000I\000s\000\040\000N\000o\000\040\000D\000e\000c\000i\000s\000i\000o\000n}{section.6}% 29
\BOOKMARK [2][-]{subsection.6.3}{\376\377\000L\000o\000c\000a\000l\000\040\000D\000e\000t\000e\000c\000t\000a\000b\000i\000l\000i\000t\000y}{section.6}% 30
\BOOKMARK [2][-]{subsection.6.4}{\376\377\000T\000h\000e\000\040\000K\000n\000o\000t\000,\000\040\000N\000o\000t\000\040\000T\000h\000e\000\040\000C\000h\000a\000i\000n}{section.6}% 31
\BOOKMARK [2][-]{subsection.6.5}{\376\377\000T\000h\000e\000\040\000O\000u\000t\000c\000o\000m\000e\000\040\000T\000a\000b\000l\000e}{section.6}% 32
\BOOKMARK [1][-]{section.7}{\376\377\000F\000o\000r\000m\000a\000l\000\040\000P\000r\000o\000o\000f\000s}{}% 33
\BOOKMARK [1][-]{section.8}{\376\377\000T\000h\000e\000\040\000P\000r\000o\000t\000o\000c\000o\000l\000\040\000o\000f\000\040\000T\000h\000e\000s\000e\000u\000s}{}% 34
\BOOKMARK [2][-]{subsection.8.1}{\376\377\000T\000h\000e\000\040\000P\000h\000i\000l\000o\000s\000o\000p\000h\000i\000c\000a\000l\000\040\000F\000o\000u\000n\000d\000a\000t\000i\000o\000n}{section.8}% 35
\BOOKMARK [2][-]{subsection.8.2}{\376\377\000F\000o\000r\000m\000a\000l\000\040\000S\000t\000a\000t\000e\000m\000e\000n\000t}{section.8}% 36
\BOOKMARK [2][-]{subsection.8.3}{\376\377\000W\000h\000y\000\040\000G\000r\000a\000y\000'\000s\000\040\000P\000r\000o\000o\000f\000\040\000F\000a\000i\000l\000s\000\040\000o\000n\000\040\000T\000G\000P}{section.8}% 37
\BOOKMARK [2][-]{subsection.8.4}{\376\377\000E\000m\000p\000i\000r\000i\000c\000a\000l\000\040\000V\000a\000l\000i\000d\000a\000t\000i\000o\000n\000:\000\040\000T\000h\000e\000\040\000P\000a\000c\000k\000e\000t\000\040\000R\000e\000m\000o\000v\000a\000l\000\040\000T\000e\000s\000t}{section.8}% 38
\BOOKMARK [1][-]{section.9}{\376\377\000B\000y\000z\000a\000n\000t\000i\000n\000e\000\040\000F\000a\000u\000l\000t\000\040\000T\000o\000l\000e\000r\000a\000n\000c\000e\000\040\000E\000x\000t\000e\000n\000s\000i\000o\000n}{}% 39
\BOOKMARK [2][-]{subsection.9.1}{\376\377\000S\000y\000s\000t\000e\000m\000\040\000P\000a\000r\000a\000m\000e\000t\000e\000r\000s}{section.9}% 40
\BOOKMARK [2][-]{subsection.9.2}{\376\377\000P\000r\000o\000t\000o\000c\000o\000l\000\040\000O\000u\000t\000l\000i\000n\000e}{section.9}% 41
\BOOKMARK [2][-]{subsection.9.3}{\376\377\000S\000a\000f\000e\000t\000y\000\040\000G\000u\000a\000r\000a\000n\000t\000e\000e}{section.9}% 42
\BOOKMARK [2][-]{subsection.9.4}{\376\377\000C\000o\000m\000p\000a\000r\000i\000s\000o\000n\000\040\000w\000i\000t\000h\000\040\000P\000B\000F\000T}{section.9}% 43
\BOOKMARK [1][-]{section.10}{\376\377\000W\000h\000y\000\040\000T\000G\000P\000\040\000I\000s\000\040\000F\000a\000s\000t\000e\000r\000\040\000T\000h\000a\000n\000\040\000T\000C\000P}{}% 44
\BOOKMARK [2][-]{subsection.10.1}{\376\377\000T\000h\000e\000\040\000A\000l\000g\000o\000r\000i\000t\000h\000m\000i\000c\000\040\000D\000i\000f\000f\000e\000r\000e\000n\000c\000e}{section.10}% 45
\BOOKMARK [2][-]{subsection.10.2}{\376\377\000E\000m\000p\000i\000r\000i\000c\000a\000l\000\040\000L\000a\000t\000e\000n\000c\000y\000\040\000C\000o\000m\000p\000a\000r\000i\000s\000o\000n}{section.10}% 46
\BOOKMARK [2][-]{subsection.10.3}{\376\377\000T\000r\000a\000f\000f\000i\000c\000\040\000P\000a\000t\000t\000e\000r\000n\000s\000\040\000A\000f\000f\000e\000c\000t\000e\000d}{section.10}% 47
\BOOKMARK [2][-]{subsection.10.4}{\376\377\000D\000e\000g\000r\000a\000d\000a\000t\000i\000o\000n\000\040\000U\000n\000d\000e\000r\000\040\000L\000o\000s\000s}{section.10}% 48
\BOOKMARK [2][-]{subsection.10.5}{\376\377\000R\000e\000v\000i\000s\000e\000d\000\040\000P\000o\000s\000i\000t\000i\000o\000n\000i\000n\000g}{section.10}% 49
\BOOKMARK [1][-]{section.11}{\376\377\000P\000e\000r\000f\000o\000r\000m\000a\000n\000c\000e\000\040\000E\000v\000a\000l\000u\000a\000t\000i\000o\000n}{}% 50
\BOOKMARK [2][-]{subsection.11.1}{\376\377\000P\000r\000o\000t\000o\000c\000o\000l\000\040\000o\000f\000\040\000T\000h\000e\000s\000e\000u\000s\000\040\000V\000a\000l\000i\000d\000a\000t\000i\000o\000n}{section.11}% 51
\BOOKMARK [2][-]{subsection.11.2}{\376\377\000E\000x\000t\000r\000e\000m\000e\000\040\000L\000o\000s\000s\000\040\000V\000a\000l\000i\000d\000a\000t\000i\000o\000n\000:\000\040\0009\0009\000.\0009\0009\0009\0009\000\045\000\040\000P\000a\000c\000k\000e\000t\000\040\000L\000o\000s\000s}{section.11}% 52
\BOOKMARK [2][-]{subsection.11.3}{\376\377\000C\000o\000n\000v\000e\000r\000g\000e\000n\000c\000e\000\040\000S\000p\000e\000e\000d}{section.11}% 53
\BOOKMARK [2][-]{subsection.11.4}{\376\377\000T\000h\000r\000o\000u\000g\000h\000p\000u\000t\000\040\000U\000n\000d\000e\000r\000\040\000L\000o\000s\000s}{section.11}% 54
\BOOKMARK [2][-]{subsection.11.5}{\376\377\000A\000p\000p\000l\000i\000c\000a\000t\000i\000o\000n\000s}{section.11}% 55
\BOOKMARK [2][-]{subsection.11.6}{\376\377\000L\000i\000g\000h\000t\000w\000e\000i\000g\000h\000t\000\040\000T\000G\000P\000:\000\040\000T\000h\000e\000\040\0008\000-\000B\000i\000t\000\040\000S\000a\000f\000e\000t\000y\000\040\000P\000r\000i\000m\000i\000t\000i\000v\000e}{section.11}% 56
\BOOKMARK [1][-]{section.12}{\376\377\000S\000a\000f\000e\000t\000y\000-\000C\000r\000i\000t\000i\000c\000a\000l\000\040\000A\000p\000p\000l\000i\000c\000a\000t\000i\000o\000n\000s\000:\000\040\000L\000i\000g\000h\000t\000w\000e\000i\000g\000h\000t\000\040\000T\000G\000P}{}% 57
\BOOKMARK [2][-]{subsection.12.1}{\376\377\000T\000h\000e\000\040\000S\000a\000f\000e\000t\000y\000-\000C\000r\000i\000t\000i\000c\000a\000l\000\040\000C\000o\000o\000r\000d\000i\000n\000a\000t\000i\000o\000n\000\040\000P\000r\000o\000b\000l\000e\000m}{section.12}% 58
\BOOKMARK [2][-]{subsection.12.2}{\376\377\000D\000O\000-\0001\0007\0008\000C\000\040\000D\000A\000L\000-\000A\000\040\000C\000e\000r\000t\000i\000f\000i\000c\000a\000t\000i\000o\000n\000\040\000P\000a\000t\000h}{section.12}% 59
\BOOKMARK [2][-]{subsection.12.3}{\376\377\000I\000n\000d\000e\000p\000e\000n\000d\000e\000n\000t\000\040\000F\000o\000r\000m\000a\000l\000\040\000V\000e\000r\000i\000f\000i\000c\000a\000t\000i\000o\000n\000\040\000o\000f\000\040\000L\000i\000g\000h\000t\000w\000e\000i\000g\000h\000t\000\040\000T\000G\000P}{section.12}% 60
\BOOKMARK [2][-]{subsection.12.4}{\376\377\000A\000p\000p\000l\000i\000c\000a\000t\000i\000o\000n\000\040\000D\000o\000m\000a\000i\000n\000s}{section.12}% 61
\BOOKMARK [2][-]{subsection.12.5}{\376\377\000T\000h\000e\000\040\000L\000i\000f\000e\000-\000S\000a\000f\000e\000t\000y\000\040\000I\000m\000p\000e\000r\000a\000t\000i\000v\000e}{section.12}% 62
\BOOKMARK [2][-]{subsection.12.6}{\376\377\000O\000p\000e\000n\000\040\000I\000n\000f\000r\000a\000s\000t\000r\000u\000c\000t\000u\000r\000e\000:\000\040\000A\000G\000P\000L\000v\0003\000\040\000L\000i\000c\000e\000n\000s\000i\000n\000g}{section.12}% 63
\BOOKMARK [2][-]{subsection.12.7}{\376\377\000T\000r\000a\000d\000i\000t\000i\000o\000n\000a\000l\000\040\000A\000p\000p\000l\000i\000c\000a\000t\000i\000o\000n\000\040\000D\000o\000m\000a\000i\000n\000s}{section.12}% 64
\BOOKMARK [1][-]{section.13}{\376\377\000R\000e\000l\000a\000t\000e\000d\000\040\000W\000o\000r\000k}{}% 65
\BOOKMARK [1][-]{section.14}{\376\377\000C\000o\000n\000c\000l\000u\000s\000i\000o\000n}{}% 66
\BOOKMARK [1][-]{appendix.A}{\376\377\000B\000u\000i\000l\000d\000i\000n\000g\000\040\000a\000n\000d\000\040\000B\000e\000n\000c\000h\000m\000a\000r\000k\000i\000n\000g}{}% 67
\BOOKMARK [2][-]{subsection.A.1}{\376\377\000B\000u\000i\000l\000d\000i\000n\000g\000\040\000t\000h\000e\000\040\000L\000e\000a\000n\000\040\0004\000\040\000P\000r\000o\000o\000f\000s}{appendix.A}% 68
\BOOKMARK [2][-]{subsection.A.2}{\376\377\000R\000u\000n\000n\000i\000n\000g\000\040\000t\000h\000e\000\040\000P\000y\000t\000h\000o\000n\000\040\000R\000e\000f\000e\000r\000e\000n\000c\000e\000\040\000I\000m\000p\000l\000e\000m\000e\000n\000t\000a\000t\000i\000o\000n}{appendix.A}% 69
\BOOKMARK [2][-]{subsection.A.3}{\376\377\000B\000e\000n\000c\000h\000m\000a\000r\000k\000\040\000M\000e\000t\000h\000o\000d\000o\000l\000o\000g\000y}{appendix.A}% 70
\BOOKMARK [2][-]{subsection.A.4}{\376\377\000B\000e\000n\000c\000h\000m\000a\000r\000k\000\040\000R\000e\000s\000u\000l\000t\000s\000\040\000S\000u\000m\000m\000a\000r\000y}{appendix.A}% 71
\BOOKMARK [2][-]{subsection.A.5}{\376\377\000I\000n\000t\000e\000g\000r\000a\000t\000i\000o\000n\000\040\000w\000i\000t\000h\000\040\000C\000i\000t\000a\000d\000e\000l\000\040\000S\000P\000O\000R\000E}{appendix.A}% 72
\BOOKMARK [2][-]{subsection.A.6}{\376\377\000T\000G\000P\000-\000N\000a\000t\000i\000v\000e\000\040\000M\000e\000s\000h\000\040\000P\000e\000r\000f\000o\000r\000m\000a\000n\000c\000e}{appendix.A}% 73
\BOOKMARK [2][-]{subsection.A.7}{\376\377\000R\000e\000p\000r\000o\000d\000u\000c\000i\000n\000g\000\040\000B\000e\000n\000c\000h\000m\000a\000r\000k\000\040\000R\000e\000s\000u\000l\000t\000s}{appendix.A}% 74
